<?xml version="1.0" encoding="UTF-8"?>
<!-- Generated by org.testng.reporters.JUnitXMLReporter -->
<testsuite ignored="5" hostname="Rania" failures="0" tests="1" name="Navigation Test" time="6.716" errors="0" timestamp="2025-12-11T17:42:57 CET">
  <testcase classname="com.rania.ecommerce.tests.NavigationTest" name="testLogin" time="2.422"/>
  <testcase classname="com.rania.ecommerce.tests.NavigationTest" name="testHomePageLoad" time="0.0">
    <ignored/>
  </testcase> <!-- testHomePageLoad -->
  <testcase classname="com.rania.ecommerce.tests.NavigationTest" name="testBackToHomeFromProduct" time="0.0">
    <ignored/>
  </testcase> <!-- testBackToHomeFromProduct -->
  <testcase classname="com.rania.ecommerce.tests.NavigationTest" name="testNavigateToProductPage" time="0.0">
    <ignored/>
  </testcase> <!-- testNavigateToProductPage -->
  <testcase classname="com.rania.ecommerce.tests.NavigationTest" name="testLogout" time="0.0">
    <ignored/>
  </testcase> <!-- testLogout -->
  <testcase classname="com.rania.ecommerce.tests.NavigationTest" name="testNavigateToCart" time="0.0">
    <ignored/>
  </testcase> <!-- testNavigateToCart -->
</testsuite> <!-- Navigation Test -->
