<?xml version="1.0" encoding="UTF-8"?>
<testng-results ignored="0" total="1" passed="1" failed="0" skipped="0">
  <reporter-output>
  </reporter-output>
  <suite started-at="2025-12-11T17:42:50 CET" name="Test Suite - Tests Simples" finished-at="2025-12-11T17:42:57 CET" duration-ms="6716">
    <groups>
    </groups>
    <test started-at="2025-12-11T17:42:50 CET" name="Navigation Test" finished-at="2025-12-11T17:42:57 CET" duration-ms="6716">
      <class name="com.rania.ecommerce.tests.NavigationTest">
        <test-method is-config="true" signature="setUp(java.lang.String)[pri:0, instance:com.rania.ecommerce.tests.NavigationTest@8dbdac1]" started-at="2025-12-11T17:42:50 CET" name="setUp" finished-at="2025-12-11T17:42:53 CET" duration-ms="3181" status="PASS">
          <params>
            <param index="0">
              <value>
                <![CDATA[chrome]]>
              </value>
            </param>
          </params>
          <reporter-output>
          </reporter-output>
        </test-method> <!-- setUp -->
        <test-method signature="testLogin()[pri:0, instance:com.rania.ecommerce.tests.NavigationTest@8dbdac1]" started-at="2025-12-11T17:42:53 CET" name="testLogin" description="Test : Connexion et affichage des produits" finished-at="2025-12-11T17:42:55 CET" duration-ms="2422" status="PASS">
          <reporter-output>
          </reporter-output>
        </test-method> <!-- testLogin -->
        <test-method is-config="true" signature="tearDown()[pri:0, instance:com.rania.ecommerce.tests.NavigationTest@8dbdac1]" started-at="2025-12-11T17:42:55 CET" name="tearDown" finished-at="2025-12-11T17:42:57 CET" duration-ms="1083" status="PASS">
          <reporter-output>
          </reporter-output>
        </test-method> <!-- tearDown -->
      </class> <!-- com.rania.ecommerce.tests.NavigationTest -->
    </test> <!-- Navigation Test -->
  </suite> <!-- Test Suite - Tests Simples -->
</testng-results>
