<?xml version="1.0" encoding="UTF-8"?>
<!-- Generated by org.testng.reporters.JUnitReportReporter -->
<testsuite hostname="Rania" failures="0" tests="6" name="com.rania.ecommerce.tests.NavigationTest" time="6.686" errors="0" timestamp="2025-12-11T17:42:57 CET" skipped="5">
  <testcase classname="com.rania.ecommerce.tests.NavigationTest" name="testLogin" time="6.686"/>
  <testcase classname="com.rania.ecommerce.tests.NavigationTest" name="testHomePageLoad">
    <skipped/>
  </testcase> <!-- testHomePageLoad -->
  <testcase classname="com.rania.ecommerce.tests.NavigationTest" name="testBackToHomeFromProduct">
    <skipped/>
  </testcase> <!-- testBackToHomeFromProduct -->
  <testcase classname="com.rania.ecommerce.tests.NavigationTest" name="testNavigateToProductPage">
    <skipped/>
  </testcase> <!-- testNavigateToProductPage -->
  <testcase classname="com.rania.ecommerce.tests.NavigationTest" name="testLogout">
    <skipped/>
  </testcase> <!-- testLogout -->
  <testcase classname="com.rania.ecommerce.tests.NavigationTest" name="testNavigateToCart">
    <skipped/>
  </testcase> <!-- testNavigateToCart -->
</testsuite> <!-- com.rania.ecommerce.tests.NavigationTest -->
